[ERROR] 2017-07-31 21:40:56.777 [http-nio-8080-exec-6] ShowMatchesCommand - com.epam.coefficients.exception.ReceiverException: com.epam.coefficients.exception.DaoException: Can't find all matches
com.epam.coefficients.exception.ReceiverException: com.epam.coefficients.exception.DaoException: Can't find all matches
	at com.epam.coefficients.receiver.impl.MatchReceiverImpl.showMatches(MatchReceiverImpl.java:44) ~[classes/:?]
	at com.epam.coefficients.command.ShowMatchesCommand.execute(ShowMatchesCommand.java:26) [classes/:?]
	at com.epam.coefficients.servlet.AjaxServlet.processRequest(AjaxServlet.java:36) [classes/:?]
	at com.epam.coefficients.servlet.AjaxServlet.doGet(AjaxServlet.java:22) [classes/:?]
	at javax.servlet.http.HttpServlet.service(HttpServlet.java:635) [servlet-api.jar:?]
	at javax.servlet.http.HttpServlet.service(HttpServlet.java:742) [servlet-api.jar:?]
	at org.apache.catalina.core.ApplicationFilterChain.internalDoFilter(ApplicationFilterChain.java:231) [catalina.jar:8.5.15]
	at org.apache.catalina.core.ApplicationFilterChain.doFilter(ApplicationFilterChain.java:166) [catalina.jar:8.5.15]
	at org.apache.tomcat.websocket.server.WsFilter.doFilter(WsFilter.java:52) [tomcat-websocket.jar:8.5.15]
	at org.apache.catalina.core.ApplicationFilterChain.internalDoFilter(ApplicationFilterChain.java:193) [catalina.jar:8.5.15]
	at org.apache.catalina.core.ApplicationFilterChain.doFilter(ApplicationFilterChain.java:166) [catalina.jar:8.5.15]
	at com.epam.coefficients.filter.EncodingFilter.doFilter(EncodingFilter.java:24) [classes/:?]
	at org.apache.catalina.core.ApplicationFilterChain.internalDoFilter(ApplicationFilterChain.java:193) [catalina.jar:8.5.15]
	at org.apache.catalina.core.ApplicationFilterChain.doFilter(ApplicationFilterChain.java:166) [catalina.jar:8.5.15]
	at org.apache.logging.log4j.web.Log4jServletFilter.doFilter(Log4jServletFilter.java:71) [log4j-web-2.8.1.jar:2.8.1]
	at org.apache.catalina.core.ApplicationFilterChain.internalDoFilter(ApplicationFilterChain.java:193) [catalina.jar:8.5.15]
	at org.apache.catalina.core.ApplicationFilterChain.doFilter(ApplicationFilterChain.java:166) [catalina.jar:8.5.15]
	at org.apache.catalina.core.StandardWrapperValve.invoke(StandardWrapperValve.java:198) [catalina.jar:8.5.15]
	at org.apache.catalina.core.StandardContextValve.invoke(StandardContextValve.java:96) [catalina.jar:8.5.15]
	at org.apache.catalina.authenticator.AuthenticatorBase.invoke(AuthenticatorBase.java:478) [catalina.jar:8.5.15]
	at org.apache.catalina.core.StandardHostValve.invoke(StandardHostValve.java:140) [catalina.jar:8.5.15]
	at org.apache.catalina.valves.ErrorReportValve.invoke(ErrorReportValve.java:80) [catalina.jar:8.5.15]
	at org.apache.catalina.valves.AbstractAccessLogValve.invoke(AbstractAccessLogValve.java:624) [catalina.jar:8.5.15]
	at org.apache.catalina.core.StandardEngineValve.invoke(StandardEngineValve.java:87) [catalina.jar:8.5.15]
	at org.apache.catalina.connector.CoyoteAdapter.service(CoyoteAdapter.java:342) [catalina.jar:8.5.15]
	at org.apache.coyote.http11.Http11Processor.service(Http11Processor.java:799) [tomcat-coyote.jar:8.5.15]
	at org.apache.coyote.AbstractProcessorLight.process(AbstractProcessorLight.java:66) [tomcat-coyote.jar:8.5.15]
	at org.apache.coyote.AbstractProtocol$ConnectionHandler.process(AbstractProtocol.java:861) [tomcat-coyote.jar:8.5.15]
	at org.apache.tomcat.util.net.NioEndpoint$SocketProcessor.doRun(NioEndpoint.java:1455) [tomcat-coyote.jar:8.5.15]
	at org.apache.tomcat.util.net.SocketProcessorBase.run(SocketProcessorBase.java:49) [tomcat-coyote.jar:8.5.15]
	at java.util.concurrent.ThreadPoolExecutor.runWorker(ThreadPoolExecutor.java:1142) [?:1.8.0_131]
	at java.util.concurrent.ThreadPoolExecutor$Worker.run(ThreadPoolExecutor.java:617) [?:1.8.0_131]
	at org.apache.tomcat.util.threads.TaskThread$WrappingRunnable.run(TaskThread.java:61) [tomcat-util.jar:8.5.15]
	at java.lang.Thread.run(Thread.java:748) [?:1.8.0_131]
Caused by: com.epam.coefficients.exception.DaoException: Can't find all matches
	at com.epam.coefficients.dao.impl.MatchDAOImpl.findAll(MatchDAOImpl.java:60) ~[classes/:?]
	at com.epam.coefficients.receiver.impl.MatchReceiverImpl.showMatches(MatchReceiverImpl.java:39) ~[classes/:?]
	... 33 more
Caused by: java.sql.SQLException: Column 'total' not found.
	at com.mysql.jdbc.SQLError.createSQLException(SQLError.java:963) ~[mysql-connector-java-5.1.39.jar:5.1.39]
	at com.mysql.jdbc.SQLError.createSQLException(SQLError.java:896) ~[mysql-connector-java-5.1.39.jar:5.1.39]
	at com.mysql.jdbc.SQLError.createSQLException(SQLError.java:885) ~[mysql-connector-java-5.1.39.jar:5.1.39]
	at com.mysql.jdbc.SQLError.createSQLException(SQLError.java:860) ~[mysql-connector-java-5.1.39.jar:5.1.39]
	at com.mysql.jdbc.ResultSetImpl.findColumn(ResultSetImpl.java:1077) ~[mysql-connector-java-5.1.39.jar:5.1.39]
	at com.mysql.jdbc.ResultSetImpl.getBigDecimal(ResultSetImpl.java:1326) ~[mysql-connector-java-5.1.39.jar:5.1.39]
	at com.epam.coefficients.dao.impl.MatchDAOImpl.buildMatch(MatchDAOImpl.java:146) ~[classes/:?]
	at com.epam.coefficients.dao.impl.MatchDAOImpl.buildMatchList(MatchDAOImpl.java:154) ~[classes/:?]
	at com.epam.coefficients.dao.impl.MatchDAOImpl.findAll(MatchDAOImpl.java:58) ~[classes/:?]
	at com.epam.coefficients.receiver.impl.MatchReceiverImpl.showMatches(MatchReceiverImpl.java:39) ~[classes/:?]
	... 33 more
